<?xml version="1.0" encoding="UTF-8" ?>
<testsuite tests="2" failures="0" name="com.zhss.oa.flow.service.ApplicationServiceTest" time="4.187" errors="0" skipped="0">
  <properties>
    <property name="java.runtime.name" value="Java(TM) SE Runtime Environment"/>
    <property name="sun.boot.library.path" value="C:\Program Files\Java\jdk1.8.0_221\jre\bin"/>
    <property name="java.vm.version" value="25.221-b11"/>
    <property name="java.vm.vendor" value="Oracle Corporation"/>
    <property name="java.vendor.url" value="http://java.oracle.com/"/>
    <property name="path.separator" value=";"/>
    <property name="java.vm.name" value="Java HotSpot(TM) 64-Bit Server VM"/>
    <property name="file.encoding.pkg" value="sun.io"/>
    <property name="user.script" value=""/>
    <property name="user.country" value="CN"/>
    <property name="sun.java.launcher" value="SUN_STANDARD"/>
    <property name="sun.os.patch.level" value=""/>
    <property name="java.vm.specification.name" value="Java Virtual Machine Specification"/>
    <property name="user.dir" value="E:\zhssproject\oa-parent\oa-flow"/>
    <property name="java.runtime.version" value="1.8.0_221-b11"/>
    <property name="java.awt.graphicsenv" value="sun.awt.Win32GraphicsEnvironment"/>
    <property name="basedir" value="E:\zhssproject\oa-parent\oa-flow"/>
    <property name="java.endorsed.dirs" value="C:\Program Files\Java\jdk1.8.0_221\jre\lib\endorsed"/>
    <property name="os.arch" value="amd64"/>
    <property name="surefire.real.class.path" value="C:\Users\admin\AppData\Local\Temp\surefirebooter3837149387986151206.jar"/>
    <property name="java.io.tmpdir" value="C:\Users\admin\AppData\Local\Temp\"/>
    <property name="line.separator" value="
"/>
    <property name="java.vm.specification.vendor" value="Oracle Corporation"/>
    <property name="user.variant" value=""/>
    <property name="os.name" value="Windows 10"/>
    <property name="sun.jnu.encoding" value="GBK"/>
    <property name="java.library.path" value="C:\Program Files\Java\jdk1.8.0_221\jre\bin;C:\WINDOWS\Sun\Java\bin;C:\WINDOWS\system32;C:\WINDOWS;D:\Program Files (x86)\NetSarang\Xlpd 6\;D:\Program Files (x86)\NetSarang\Xshell 6\;D:\Program Files (x86)\NetSarang\Xmanager 6\;C:\Program Files (x86)\Common Files\Oracle\Java\javapath;C:\WINDOWS\system32;C:\WINDOWS;C:\WINDOWS\System32\Wbem;C:\WINDOWS\System32\WindowsPowerShell\v1.0\;&quot;C:\WINDOWS\System32\OpenSSH\;C:\Program Files\Java\jdk1.8.0_221\bin;C:\Program Files\Java\jre1.8.0_221\bin;&quot;;D:\maven\apache-maven-3.5.2\bin;C:\Users\admin\AppData\Local\Microsoft\WindowsApps;;."/>
    <property name="surefire.test.class.path" value="E:\zhssproject\oa-parent\oa-flow\target\test-classes;E:\zhssproject\oa-parent\oa-flow\target\classes;E:\zhss-repository\junit\junit\4.12\junit-4.12.jar;E:\zhss-repository\org\hamcrest\hamcrest-core\1.3\hamcrest-core-1.3.jar;E:\zhss-repository\org\springframework\spring-core\3.2.8.RELEASE\spring-core-3.2.8.RELEASE.jar;E:\zhss-repository\commons-logging\commons-logging\1.1.3\commons-logging-1.1.3.jar;E:\zhss-repository\org\springframework\spring-webmvc\3.2.8.RELEASE\spring-webmvc-3.2.8.RELEASE.jar;E:\zhss-repository\org\springframework\spring-beans\3.2.8.RELEASE\spring-beans-3.2.8.RELEASE.jar;E:\zhss-repository\org\springframework\spring-expression\3.2.8.RELEASE\spring-expression-3.2.8.RELEASE.jar;E:\zhss-repository\org\springframework\spring-aspects\3.2.8.RELEASE\spring-aspects-3.2.8.RELEASE.jar;E:\zhss-repository\org\aspectj\aspectjweaver\1.8.4\aspectjweaver-1.8.4.jar;E:\zhss-repository\org\springframework\spring-jdbc\3.2.8.RELEASE\spring-jdbc-3.2.8.RELEASE.jar;E:\zhss-repository\org\springframework\spring-tx\3.2.8.RELEASE\spring-tx-3.2.8.RELEASE.jar;E:\zhss-repository\org\springframework\spring-context\3.2.8.RELEASE\spring-context-3.2.8.RELEASE.jar;E:\zhss-repository\org\springframework\spring-context-support\3.2.8.RELEASE\spring-context-support-3.2.8.RELEASE.jar;E:\zhss-repository\org\springframework\spring-aop\3.2.8.RELEASE\spring-aop-3.2.8.RELEASE.jar;E:\zhss-repository\aopalliance\aopalliance\1.0\aopalliance-1.0.jar;E:\zhss-repository\org\springframework\spring-web\3.2.8.RELEASE\spring-web-3.2.8.RELEASE.jar;E:\zhss-repository\mysql\mysql-connector-java\5.1.29\mysql-connector-java-5.1.29.jar;E:\zhss-repository\org\slf4j\slf4j-log4j12\1.6.6\slf4j-log4j12-1.6.6.jar;E:\zhss-repository\org\slf4j\slf4j-api\1.6.3\slf4j-api-1.6.3.jar;E:\zhss-repository\org\springframework\spring-test\3.2.8.RELEASE\spring-test-3.2.8.RELEASE.jar;E:\zhss-repository\org\mybatis\mybatis\3.2.1\mybatis-3.2.1.jar;E:\zhss-repository\org\mybatis\mybatis-spring\1.3.3\mybatis-spring-1.3.3.jar;E:\zhss-repository\log4j\log4j\1.2.17\log4j-1.2.17.jar;E:\zhss-repository\org\apache\kafka\kafka_2.10\0.10.2.2\kafka_2.10-0.10.2.2.jar;E:\zhss-repository\org\apache\kafka\kafka-clients\0.10.2.2\kafka-clients-0.10.2.2.jar;E:\zhss-repository\net\jpountz\lz4\lz4\1.3.0\lz4-1.3.0.jar;E:\zhss-repository\org\xerial\snappy\snappy-java\1.1.2.6\snappy-java-1.1.2.6.jar;E:\zhss-repository\net\sf\jopt-simple\jopt-simple\5.0.3\jopt-simple-5.0.3.jar;E:\zhss-repository\com\yammer\metrics\metrics-core\2.2.0\metrics-core-2.2.0.jar;E:\zhss-repository\org\scala-lang\scala-library\2.10.6\scala-library-2.10.6.jar;E:\zhss-repository\com\101tec\zkclient\0.10\zkclient-0.10.jar;E:\zhss-repository\org\apache\zookeeper\zookeeper\3.4.9\zookeeper-3.4.9.jar;"/>
    <property name="java.specification.name" value="Java Platform API Specification"/>
    <property name="java.class.version" value="52.0"/>
    <property name="sun.management.compiler" value="HotSpot 64-Bit Tiered Compilers"/>
    <property name="os.version" value="10.0"/>
    <property name="user.home" value="C:\Users\admin"/>
    <property name="user.timezone" value="Asia/Shanghai"/>
    <property name="java.awt.printerjob" value="sun.awt.windows.WPrinterJob"/>
    <property name="java.specification.version" value="1.8"/>
    <property name="file.encoding" value="GBK"/>
    <property name="user.name" value="admin"/>
    <property name="java.class.path" value="E:\zhssproject\oa-parent\oa-flow\target\test-classes;E:\zhssproject\oa-parent\oa-flow\target\classes;E:\zhss-repository\junit\junit\4.12\junit-4.12.jar;E:\zhss-repository\org\hamcrest\hamcrest-core\1.3\hamcrest-core-1.3.jar;E:\zhss-repository\org\springframework\spring-core\3.2.8.RELEASE\spring-core-3.2.8.RELEASE.jar;E:\zhss-repository\commons-logging\commons-logging\1.1.3\commons-logging-1.1.3.jar;E:\zhss-repository\org\springframework\spring-webmvc\3.2.8.RELEASE\spring-webmvc-3.2.8.RELEASE.jar;E:\zhss-repository\org\springframework\spring-beans\3.2.8.RELEASE\spring-beans-3.2.8.RELEASE.jar;E:\zhss-repository\org\springframework\spring-expression\3.2.8.RELEASE\spring-expression-3.2.8.RELEASE.jar;E:\zhss-repository\org\springframework\spring-aspects\3.2.8.RELEASE\spring-aspects-3.2.8.RELEASE.jar;E:\zhss-repository\org\aspectj\aspectjweaver\1.8.4\aspectjweaver-1.8.4.jar;E:\zhss-repository\org\springframework\spring-jdbc\3.2.8.RELEASE\spring-jdbc-3.2.8.RELEASE.jar;E:\zhss-repository\org\springframework\spring-tx\3.2.8.RELEASE\spring-tx-3.2.8.RELEASE.jar;E:\zhss-repository\org\springframework\spring-context\3.2.8.RELEASE\spring-context-3.2.8.RELEASE.jar;E:\zhss-repository\org\springframework\spring-context-support\3.2.8.RELEASE\spring-context-support-3.2.8.RELEASE.jar;E:\zhss-repository\org\springframework\spring-aop\3.2.8.RELEASE\spring-aop-3.2.8.RELEASE.jar;E:\zhss-repository\aopalliance\aopalliance\1.0\aopalliance-1.0.jar;E:\zhss-repository\org\springframework\spring-web\3.2.8.RELEASE\spring-web-3.2.8.RELEASE.jar;E:\zhss-repository\mysql\mysql-connector-java\5.1.29\mysql-connector-java-5.1.29.jar;E:\zhss-repository\org\slf4j\slf4j-log4j12\1.6.6\slf4j-log4j12-1.6.6.jar;E:\zhss-repository\org\slf4j\slf4j-api\1.6.3\slf4j-api-1.6.3.jar;E:\zhss-repository\org\springframework\spring-test\3.2.8.RELEASE\spring-test-3.2.8.RELEASE.jar;E:\zhss-repository\org\mybatis\mybatis\3.2.1\mybatis-3.2.1.jar;E:\zhss-repository\org\mybatis\mybatis-spring\1.3.3\mybatis-spring-1.3.3.jar;E:\zhss-repository\log4j\log4j\1.2.17\log4j-1.2.17.jar;E:\zhss-repository\org\apache\kafka\kafka_2.10\0.10.2.2\kafka_2.10-0.10.2.2.jar;E:\zhss-repository\org\apache\kafka\kafka-clients\0.10.2.2\kafka-clients-0.10.2.2.jar;E:\zhss-repository\net\jpountz\lz4\lz4\1.3.0\lz4-1.3.0.jar;E:\zhss-repository\org\xerial\snappy\snappy-java\1.1.2.6\snappy-java-1.1.2.6.jar;E:\zhss-repository\net\sf\jopt-simple\jopt-simple\5.0.3\jopt-simple-5.0.3.jar;E:\zhss-repository\com\yammer\metrics\metrics-core\2.2.0\metrics-core-2.2.0.jar;E:\zhss-repository\org\scala-lang\scala-library\2.10.6\scala-library-2.10.6.jar;E:\zhss-repository\com\101tec\zkclient\0.10\zkclient-0.10.jar;E:\zhss-repository\org\apache\zookeeper\zookeeper\3.4.9\zookeeper-3.4.9.jar;"/>
    <property name="java.vm.specification.version" value="1.8"/>
    <property name="sun.arch.data.model" value="64"/>
    <property name="java.home" value="C:\Program Files\Java\jdk1.8.0_221\jre"/>
    <property name="sun.java.command" value="C:\Users\admin\AppData\Local\Temp\surefirebooter3837149387986151206.jar C:\Users\admin\AppData\Local\Temp\surefire324848364164196141tmp C:\Users\admin\AppData\Local\Temp\surefire5202524816515698825tmp"/>
    <property name="java.specification.vendor" value="Oracle Corporation"/>
    <property name="user.language" value="zh"/>
    <property name="awt.toolkit" value="sun.awt.windows.WToolkit"/>
    <property name="java.vm.info" value="mixed mode"/>
    <property name="java.version" value="1.8.0_221"/>
    <property name="java.ext.dirs" value="C:\Program Files\Java\jdk1.8.0_221\jre\lib\ext;C:\WINDOWS\Sun\Java\lib\ext"/>
    <property name="sun.boot.class.path" value="C:\Program Files\Java\jdk1.8.0_221\jre\lib\resources.jar;C:\Program Files\Java\jdk1.8.0_221\jre\lib\rt.jar;C:\Program Files\Java\jdk1.8.0_221\jre\lib\sunrsasign.jar;C:\Program Files\Java\jdk1.8.0_221\jre\lib\jsse.jar;C:\Program Files\Java\jdk1.8.0_221\jre\lib\jce.jar;C:\Program Files\Java\jdk1.8.0_221\jre\lib\charsets.jar;C:\Program Files\Java\jdk1.8.0_221\jre\lib\jfr.jar;C:\Program Files\Java\jdk1.8.0_221\jre\classes"/>
    <property name="java.vendor" value="Oracle Corporation"/>
    <property name="localRepository" value="E:\zhss-repository"/>
    <property name="file.separator" value="\"/>
    <property name="java.vendor.url.bug" value="http://bugreport.sun.com/bugreport/"/>
    <property name="sun.cpu.endian" value="little"/>
    <property name="sun.io.unicode.encoding" value="UnicodeLittle"/>
    <property name="sun.desktop" value="windows"/>
    <property name="sun.cpu.isalist" value="amd64"/>
  </properties>
  <testcase classname="com.zhss.oa.flow.service.ApplicationServiceTest" name="testFindById" time="3.905"/>
  <testcase classname="com.zhss.oa.flow.service.ApplicationServiceTest" name="testCreate" time="0.033"/>
</testsuite>